2025-05-20 10:27:10,311 - call_analyzer_scheduler - INFO - Token expired, refreshing...
2025-05-20 10:27:11,202 - call_analyzer_scheduler - INFO - Token refreshed successfully
2025-05-20 10:27:11,252 - apscheduler.scheduler - INFO - Adding job tentatively -- it will be properly scheduled when the scheduler starts
2025-05-20 10:27:11,253 - apscheduler.scheduler - INFO - Added job "CallAnalysisScheduler.run_daily_analysis" to job store "default"
2025-05-20 10:27:11,293 - apscheduler.scheduler - INFO - Scheduler started
2025-05-20 10:27:11,295 - call_analyzer_scheduler - INFO - APScheduler started. Daily analysis job scheduled.
2025-05-20 10:29:31,995 - apscheduler.scheduler - INFO - Adding job tentatively -- it will be properly scheduled when the scheduler starts
2025-05-20 10:29:31,995 - apscheduler.scheduler - INFO - Added job "CallAnalysisScheduler.run_daily_analysis" to job store "default"
2025-05-20 10:29:31,995 - apscheduler.scheduler - INFO - Scheduler started
2025-05-20 10:29:31,997 - call_analyzer_scheduler - INFO - APScheduler started. Daily analysis job scheduled.
2025-05-20 10:32:31,998 - apscheduler.executors.default - INFO - Running job "CallAnalysisScheduler.run_daily_analysis (trigger: date[2025-05-20 10:32:31 IST], next run at: 2025-05-20 10:32:31 IST)" (scheduled at 2025-05-20 10:32:31.994396+05:30)
2025-05-20 10:32:31,998 - apscheduler.scheduler - INFO - Removed job be5683a833524530a04e84a8317f4389
2025-05-20 10:32:31,998 - call_analyzer_scheduler - INFO - Starting daily call analysis
2025-05-20 10:32:33,585 - call_analyzer_scheduler - INFO - Found 100 recordings in the last 24 hours
2025-05-20 10:35:13,330 - call_analyzer_scheduler - ERROR - Failed to analyze recording 2768750696030: {"detail":[{"type":"missing","loc":["header","audio-id"],"msg":"Field required","input":null}]}
2025-05-20 10:35:28,437 - call_analyzer_scheduler - ERROR - Failed to analyze recording 2768749935030: {"detail":[{"type":"missing","loc":["header","audio-id"],"msg":"Field required","input":null}]}
2025-05-20 10:35:46,323 - call_analyzer_scheduler - ERROR - Failed to analyze recording 2768747968030: {"detail":[{"type":"missing","loc":["header","audio-id"],"msg":"Field required","input":null}]}
2025-05-20 10:36:00,623 - call_analyzer_scheduler - ERROR - Failed to analyze recording 2768747213030: {"detail":[{"type":"missing","loc":["header","audio-id"],"msg":"Field required","input":null}]}
2025-05-20 10:36:20,759 - call_analyzer_scheduler - ERROR - Failed to analyze recording 2768746115030: {"detail":[{"type":"missing","loc":["header","audio-id"],"msg":"Field required","input":null}]}
2025-05-20 10:36:39,672 - call_analyzer_scheduler - ERROR - Failed to analyze recording 2768746205030: {"detail":[{"type":"missing","loc":["header","audio-id"],"msg":"Field required","input":null}]}
2025-05-20 10:36:59,842 - call_analyzer_scheduler - ERROR - Failed to analyze recording 2768745489030: {"detail":[{"type":"missing","loc":["header","audio-id"],"msg":"Field required","input":null}]}
2025-05-20 10:37:12,806 - call_analyzer_scheduler - ERROR - Failed to analyze recording 2768744648030: {"detail":[{"type":"missing","loc":["header","audio-id"],"msg":"Field required","input":null}]}
2025-05-20 10:37:27,201 - call_analyzer_scheduler - ERROR - Failed to analyze recording 2768745324030: {"detail":[{"type":"missing","loc":["header","audio-id"],"msg":"Field required","input":null}]}
2025-05-20 10:37:55,077 - call_analyzer_scheduler - ERROR - Failed to analyze recording 2768744017030: {"detail":[{"type":"missing","loc":["header","audio-id"],"msg":"Field required","input":null}]}
2025-05-20 10:38:23,131 - call_analyzer_scheduler - ERROR - Failed to analyze recording 2768743668030: {"detail":[{"type":"missing","loc":["header","audio-id"],"msg":"Field required","input":null}]}
2025-05-20 10:38:31,517 - call_analyzer_scheduler - ERROR - Failed to analyze recording 2768742720030: {"detail":[{"type":"missing","loc":["header","audio-id"],"msg":"Field required","input":null}]}
2025-05-20 10:38:46,141 - call_analyzer_scheduler - ERROR - Failed to analyze recording 2768742060030: {"detail":[{"type":"missing","loc":["header","audio-id"],"msg":"Field required","input":null}]}
2025-05-20 10:39:03,000 - call_analyzer_scheduler - ERROR - Failed to analyze recording 2768742047030: {"detail":[{"type":"missing","loc":["header","audio-id"],"msg":"Field required","input":null}]}
2025-05-20 10:39:16,182 - call_analyzer_scheduler - ERROR - Failed to analyze recording 2768740806030: {"detail":[{"type":"missing","loc":["header","audio-id"],"msg":"Field required","input":null}]}
2025-05-20 10:39:29,169 - call_analyzer_scheduler - ERROR - Failed to analyze recording 2768739821030: {"detail":[{"type":"missing","loc":["header","audio-id"],"msg":"Field required","input":null}]}
2025-05-20 10:39:48,533 - call_analyzer_scheduler - ERROR - Failed to analyze recording 2768740582030: {"detail":[{"type":"missing","loc":["header","audio-id"],"msg":"Field required","input":null}]}
2025-05-20 10:40:18,434 - call_analyzer_scheduler - ERROR - Failed to analyze recording 2768738590030: {"detail":[{"type":"missing","loc":["header","audio-id"],"msg":"Field required","input":null}]}
2025-05-20 10:40:33,031 - call_analyzer_scheduler - ERROR - Failed to analyze recording 2768738239030: {"detail":[{"type":"missing","loc":["header","audio-id"],"msg":"Field required","input":null}]}
2025-05-20 10:40:47,006 - call_analyzer_scheduler - ERROR - Failed to analyze recording 2768737736030: {"detail":[{"type":"missing","loc":["header","audio-id"],"msg":"Field required","input":null}]}
2025-05-20 10:40:56,656 - call_analyzer_scheduler - ERROR - Failed to analyze recording 2768736795030: {"detail":[{"type":"missing","loc":["header","audio-id"],"msg":"Field required","input":null}]}
2025-05-20 10:41:11,998 - call_analyzer_scheduler - ERROR - Failed to analyze recording 2768735881030: {"detail":[{"type":"missing","loc":["header","audio-id"],"msg":"Field required","input":null}]}
2025-05-20 10:41:26,903 - call_analyzer_scheduler - ERROR - Failed to analyze recording 2768735229030: {"detail":[{"type":"missing","loc":["header","audio-id"],"msg":"Field required","input":null}]}
2025-05-20 10:41:44,934 - call_analyzer_scheduler - ERROR - Failed to analyze recording 2768734299030: {"detail":[{"type":"missing","loc":["header","audio-id"],"msg":"Field required","input":null}]}
2025-05-20 10:41:59,636 - call_analyzer_scheduler - ERROR - Failed to analyze recording 2768734167030: {"detail":[{"type":"missing","loc":["header","audio-id"],"msg":"Field required","input":null}]}
2025-05-20 10:42:12,621 - call_analyzer_scheduler - ERROR - Failed to analyze recording 2768732788030: {"detail":[{"type":"missing","loc":["header","audio-id"],"msg":"Field required","input":null}]}
2025-05-20 10:42:26,058 - call_analyzer_scheduler - ERROR - Failed to analyze recording 2768731439030: {"detail":[{"type":"missing","loc":["header","audio-id"],"msg":"Field required","input":null}]}
2025-05-20 10:42:46,767 - call_analyzer_scheduler - ERROR - Failed to analyze recording 2768728684030: {"detail":[{"type":"missing","loc":["header","audio-id"],"msg":"Field required","input":null}]}
2025-05-20 10:43:03,150 - call_analyzer_scheduler - ERROR - Failed to analyze recording 2768727343030: {"detail":[{"type":"missing","loc":["header","audio-id"],"msg":"Field required","input":null}]}
2025-05-20 10:43:16,628 - call_analyzer_scheduler - ERROR - Failed to analyze recording 2768726523030: {"detail":[{"type":"missing","loc":["header","audio-id"],"msg":"Field required","input":null}]}
2025-05-20 10:43:24,919 - call_analyzer_scheduler - ERROR - Failed to analyze recording 2768723269030: {"detail":[{"type":"missing","loc":["header","audio-id"],"msg":"Field required","input":null}]}
2025-05-20 10:43:57,569 - call_analyzer_scheduler - ERROR - Failed to analyze recording 2768723443030: {"detail":[{"type":"missing","loc":["header","audio-id"],"msg":"Field required","input":null}]}
2025-05-20 10:44:22,303 - call_analyzer_scheduler - ERROR - Failed to analyze recording 2768722303030: {"detail":[{"type":"missing","loc":["header","audio-id"],"msg":"Field required","input":null}]}
2025-05-20 10:44:36,602 - call_analyzer_scheduler - ERROR - Failed to analyze recording 2768721968030: {"detail":[{"type":"missing","loc":["header","audio-id"],"msg":"Field required","input":null}]}
2025-05-20 10:44:50,558 - call_analyzer_scheduler - ERROR - Failed to analyze recording 2768720306030: {"detail":[{"type":"missing","loc":["header","audio-id"],"msg":"Field required","input":null}]}
2025-05-20 10:45:04,424 - call_analyzer_scheduler - ERROR - Failed to analyze recording 2768718878030: {"detail":[{"type":"missing","loc":["header","audio-id"],"msg":"Field required","input":null}]}
2025-05-20 10:45:12,436 - call_analyzer_scheduler - ERROR - Failed to analyze recording 2768717656030: {"detail":[{"type":"missing","loc":["header","audio-id"],"msg":"Field required","input":null}]}
2025-05-20 10:46:44,195 - call_analyzer_scheduler - ERROR - Failed to analyze recording 2768716265030: {"detail":[{"type":"missing","loc":["header","audio-id"],"msg":"Field required","input":null}]}
2025-05-20 10:46:58,636 - call_analyzer_scheduler - ERROR - Failed to analyze recording 2768714954030: {"detail":[{"type":"missing","loc":["header","audio-id"],"msg":"Field required","input":null}]}
2025-05-20 10:47:23,946 - call_analyzer_scheduler - ERROR - Failed to analyze recording 2768713878030: {"detail":[{"type":"missing","loc":["header","audio-id"],"msg":"Field required","input":null}]}
2025-05-20 10:48:29,882 - call_analyzer_scheduler - ERROR - Failed to analyze recording 2768711275030: {"detail":[{"type":"missing","loc":["header","audio-id"],"msg":"Field required","input":null}]}
2025-05-20 10:49:14,908 - call_analyzer_scheduler - ERROR - Failed to analyze recording 2768710474030: {"detail":[{"type":"missing","loc":["header","audio-id"],"msg":"Field required","input":null}]}
2025-05-20 10:49:30,310 - call_analyzer_scheduler - ERROR - Failed to analyze recording 2768710348030: {"detail":[{"type":"missing","loc":["header","audio-id"],"msg":"Field required","input":null}]}
2025-05-20 10:49:46,541 - call_analyzer_scheduler - ERROR - Failed to analyze recording 2768709872030: {"detail":[{"type":"missing","loc":["header","audio-id"],"msg":"Field required","input":null}]}
2025-05-20 10:50:07,567 - call_analyzer_scheduler - ERROR - Failed to analyze recording 2768709384030: {"detail":[{"type":"missing","loc":["header","audio-id"],"msg":"Field required","input":null}]}
2025-05-20 10:50:21,212 - call_analyzer_scheduler - ERROR - Failed to analyze recording 2768709319030: {"detail":[{"type":"missing","loc":["header","audio-id"],"msg":"Field required","input":null}]}
2025-05-20 10:50:41,431 - call_analyzer_scheduler - ERROR - Failed to analyze recording 2768708614030: {"detail":[{"type":"missing","loc":["header","audio-id"],"msg":"Field required","input":null}]}
2025-05-20 10:51:06,624 - call_analyzer_scheduler - ERROR - Failed to analyze recording 2768708359030: {"detail":[{"type":"missing","loc":["header","audio-id"],"msg":"Field required","input":null}]}
2025-05-20 10:51:27,330 - call_analyzer_scheduler - ERROR - Failed to analyze recording 2768707937030: {"detail":[{"type":"missing","loc":["header","audio-id"],"msg":"Field required","input":null}]}
2025-05-20 10:51:48,202 - call_analyzer_scheduler - ERROR - Failed to analyze recording 2768706629030: {"detail":[{"type":"missing","loc":["header","audio-id"],"msg":"Field required","input":null}]}
2025-05-20 10:53:17,451 - call_analyzer_scheduler - ERROR - Failed to analyze recording 2768705957030: {"detail":[{"type":"missing","loc":["header","audio-id"],"msg":"Field required","input":null}]}
2025-05-20 10:53:36,152 - call_analyzer_scheduler - ERROR - Failed to analyze recording 2768705611030: {"detail":[{"type":"missing","loc":["header","audio-id"],"msg":"Field required","input":null}]}
2025-05-20 10:54:01,615 - call_analyzer_scheduler - ERROR - Failed to analyze recording 2768705183030: {"detail":[{"type":"missing","loc":["header","audio-id"],"msg":"Field required","input":null}]}
2025-05-20 10:54:18,760 - call_analyzer_scheduler - ERROR - Failed to analyze recording 2768705608030: {"detail":[{"type":"missing","loc":["header","audio-id"],"msg":"Field required","input":null}]}
2025-05-20 10:54:41,228 - call_analyzer_scheduler - ERROR - Failed to analyze recording 2768704593030: {"detail":[{"type":"missing","loc":["header","audio-id"],"msg":"Field required","input":null}]}
2025-05-20 10:54:57,399 - call_analyzer_scheduler - ERROR - Failed to analyze recording 2768705008030: {"detail":[{"type":"missing","loc":["header","audio-id"],"msg":"Field required","input":null}]}
2025-05-20 10:55:11,469 - call_analyzer_scheduler - ERROR - Failed to analyze recording 2768703991030: {"detail":[{"type":"missing","loc":["header","audio-id"],"msg":"Field required","input":null}]}
2025-05-20 10:55:32,202 - call_analyzer_scheduler - ERROR - Failed to analyze recording 2768703232030: {"detail":[{"type":"missing","loc":["header","audio-id"],"msg":"Field required","input":null}]}
2025-05-20 10:55:46,778 - call_analyzer_scheduler - ERROR - Failed to analyze recording 2768702700030: {"detail":[{"type":"missing","loc":["header","audio-id"],"msg":"Field required","input":null}]}
2025-05-20 10:56:59,472 - call_analyzer_scheduler - ERROR - Failed to analyze recording 2768703426030: {"detail":[{"type":"missing","loc":["header","audio-id"],"msg":"Field required","input":null}]}
2025-05-20 10:58:32,570 - call_analyzer_scheduler - ERROR - Failed to analyze recording 2768702323030: {"detail":[{"type":"missing","loc":["header","audio-id"],"msg":"Field required","input":null}]}
2025-05-20 10:58:46,726 - call_analyzer_scheduler - ERROR - Failed to analyze recording 2768701163030: {"detail":[{"type":"missing","loc":["header","audio-id"],"msg":"Field required","input":null}]}
2025-05-20 10:59:09,553 - call_analyzer_scheduler - ERROR - Failed to analyze recording 2768700881030: {"detail":[{"type":"missing","loc":["header","audio-id"],"msg":"Field required","input":null}]}
2025-05-20 10:59:29,172 - call_analyzer_scheduler - ERROR - Failed to analyze recording 2768700680030: {"detail":[{"type":"missing","loc":["header","audio-id"],"msg":"Field required","input":null}]}
2025-05-20 10:59:45,098 - call_analyzer_scheduler - ERROR - Failed to analyze recording 2768700163030: {"detail":[{"type":"missing","loc":["header","audio-id"],"msg":"Field required","input":null}]}
2025-05-20 10:59:58,784 - call_analyzer_scheduler - ERROR - Failed to analyze recording 2768699456030: {"detail":[{"type":"missing","loc":["header","audio-id"],"msg":"Field required","input":null}]}
2025-05-20 11:00:13,974 - call_analyzer_scheduler - ERROR - Failed to analyze recording 2768699330030: {"detail":[{"type":"missing","loc":["header","audio-id"],"msg":"Field required","input":null}]}
2025-05-20 11:00:22,071 - call_analyzer_scheduler - ERROR - Failed to analyze recording 2768698493030: {"detail":[{"type":"missing","loc":["header","audio-id"],"msg":"Field required","input":null}]}
2025-05-20 11:00:36,094 - call_analyzer_scheduler - ERROR - Failed to analyze recording 2768697762030: {"detail":[{"type":"missing","loc":["header","audio-id"],"msg":"Field required","input":null}]}
2025-05-20 11:01:04,063 - call_analyzer_scheduler - ERROR - Failed to analyze recording 2768698278030: {"detail":[{"type":"missing","loc":["header","audio-id"],"msg":"Field required","input":null}]}
2025-05-20 11:01:41,767 - call_analyzer_scheduler - ERROR - Failed to analyze recording 2768696573030: {"detail":[{"type":"missing","loc":["header","audio-id"],"msg":"Field required","input":null}]}
2025-05-20 11:01:58,785 - call_analyzer_scheduler - ERROR - Failed to analyze recording 2768694964030: {"detail":[{"type":"missing","loc":["header","audio-id"],"msg":"Field required","input":null}]}
2025-05-20 11:02:14,518 - call_analyzer_scheduler - ERROR - Failed to analyze recording 2768693730030: {"detail":[{"type":"missing","loc":["header","audio-id"],"msg":"Field required","input":null}]}
2025-05-20 11:02:29,979 - call_analyzer_scheduler - ERROR - Failed to analyze recording 2768692334030: {"detail":[{"type":"missing","loc":["header","audio-id"],"msg":"Field required","input":null}]}
2025-05-20 11:17:44,677 - apscheduler.scheduler - INFO - Adding job tentatively -- it will be properly scheduled when the scheduler starts
2025-05-20 11:17:44,677 - apscheduler.scheduler - INFO - Added job "CallAnalysisScheduler.run_daily_analysis" to job store "default"
2025-05-20 11:17:44,678 - apscheduler.scheduler - INFO - Scheduler started
2025-05-20 11:17:44,679 - call_analyzer_scheduler - INFO - APScheduler started. Daily analysis job scheduled.
2025-05-20 11:20:44,691 - apscheduler.executors.default - INFO - Running job "CallAnalysisScheduler.run_daily_analysis (trigger: date[2025-05-20 11:20:44 IST], next run at: 2025-05-20 11:20:44 IST)" (scheduled at 2025-05-20 11:20:44.677730+05:30)
2025-05-20 11:20:44,691 - apscheduler.scheduler - INFO - Removed job 820991e7bbd141bfb72446a7ff4790f2
2025-05-20 11:20:44,691 - call_analyzer_scheduler - INFO - Starting daily call analysis
2025-05-20 11:20:45,766 - call_analyzer_scheduler - INFO - Found 100 recordings in the last 24 hours
2025-05-20 11:20:45,793 - call_analyzer_scheduler - INFO - Recording 2768750696030 already processed, skipping
2025-05-20 11:20:45,794 - call_analyzer_scheduler - INFO - Recording 2768749935030 already processed, skipping
2025-05-20 11:20:45,795 - call_analyzer_scheduler - INFO - Recording 2768747968030 already processed, skipping
2025-05-20 11:20:45,795 - call_analyzer_scheduler - INFO - Recording 2768747213030 already processed, skipping
2025-05-20 11:20:45,796 - call_analyzer_scheduler - INFO - Recording 2768746115030 already processed, skipping
2025-05-20 11:20:45,797 - call_analyzer_scheduler - INFO - Recording 2768746205030 already processed, skipping
2025-05-20 11:20:45,799 - call_analyzer_scheduler - INFO - Recording 2768745489030 already processed, skipping
2025-05-20 11:20:45,799 - call_analyzer_scheduler - INFO - Recording 2768744648030 already processed, skipping
2025-05-20 11:20:45,801 - call_analyzer_scheduler - INFO - Recording 2768745324030 already processed, skipping
2025-05-20 11:20:45,802 - call_analyzer_scheduler - INFO - Recording 2768744017030 already processed, skipping
2025-05-20 11:20:45,803 - call_analyzer_scheduler - INFO - Recording 2768743668030 already processed, skipping
2025-05-20 11:20:45,804 - call_analyzer_scheduler - INFO - Recording 2768742720030 already processed, skipping
2025-05-20 11:20:45,805 - call_analyzer_scheduler - INFO - Recording 2768742060030 already processed, skipping
2025-05-20 11:20:45,806 - call_analyzer_scheduler - INFO - Recording 2768742047030 already processed, skipping
2025-05-20 11:20:45,806 - call_analyzer_scheduler - INFO - Recording 2768740806030 already processed, skipping
2025-05-20 11:20:45,807 - call_analyzer_scheduler - INFO - Recording 2768739821030 already processed, skipping
2025-05-20 11:20:45,808 - call_analyzer_scheduler - INFO - Recording 2768740582030 already processed, skipping
2025-05-20 11:20:45,809 - call_analyzer_scheduler - INFO - Recording 2768738590030 already processed, skipping
2025-05-20 11:20:45,810 - call_analyzer_scheduler - INFO - Recording 2768738239030 already processed, skipping
2025-05-20 11:20:45,811 - call_analyzer_scheduler - INFO - Recording 2768737736030 already processed, skipping
2025-05-20 11:20:45,812 - call_analyzer_scheduler - INFO - Recording 2768736795030 already processed, skipping
2025-05-20 11:20:45,813 - call_analyzer_scheduler - INFO - Recording 2768735881030 already processed, skipping
2025-05-20 11:20:45,814 - call_analyzer_scheduler - INFO - Recording 2768735229030 already processed, skipping
2025-05-20 11:20:45,815 - call_analyzer_scheduler - INFO - Recording 2768734299030 already processed, skipping
2025-05-20 11:20:45,816 - call_analyzer_scheduler - INFO - Recording 2768734167030 already processed, skipping
2025-05-20 11:20:45,818 - call_analyzer_scheduler - INFO - Recording 2768732788030 already processed, skipping
2025-05-20 11:20:45,819 - call_analyzer_scheduler - INFO - Recording 2768731439030 already processed, skipping
2025-05-20 11:20:45,821 - call_analyzer_scheduler - INFO - Recording 2768728684030 already processed, skipping
2025-05-20 11:20:45,822 - call_analyzer_scheduler - INFO - Recording 2768727343030 already processed, skipping
2025-05-20 11:20:45,823 - call_analyzer_scheduler - INFO - Recording 2768726523030 already processed, skipping
2025-05-20 11:20:45,824 - call_analyzer_scheduler - INFO - Recording 2768723269030 already processed, skipping
2025-05-20 11:20:45,825 - call_analyzer_scheduler - INFO - Recording 2768723443030 already processed, skipping
2025-05-20 11:20:45,827 - call_analyzer_scheduler - INFO - Recording 2768722303030 already processed, skipping
2025-05-20 11:20:45,828 - call_analyzer_scheduler - INFO - Recording 2768721968030 already processed, skipping
2025-05-20 11:20:45,829 - call_analyzer_scheduler - INFO - Recording 2768720306030 already processed, skipping
2025-05-20 11:20:45,829 - call_analyzer_scheduler - INFO - Recording 2768718878030 already processed, skipping
2025-05-20 11:20:45,830 - call_analyzer_scheduler - INFO - Recording 2768717656030 already processed, skipping
2025-05-20 11:20:45,831 - call_analyzer_scheduler - INFO - Recording 2768716265030 already processed, skipping
2025-05-20 11:20:45,832 - call_analyzer_scheduler - INFO - Recording 2768714954030 already processed, skipping
2025-05-20 11:20:45,833 - call_analyzer_scheduler - INFO - Recording 2768713878030 already processed, skipping
2025-05-20 11:20:45,834 - call_analyzer_scheduler - INFO - Recording 2768711275030 already processed, skipping
2025-05-20 11:20:45,835 - call_analyzer_scheduler - INFO - Recording 2768710474030 already processed, skipping
2025-05-20 11:20:45,835 - call_analyzer_scheduler - INFO - Recording 2768710348030 already processed, skipping
2025-05-20 11:20:45,837 - call_analyzer_scheduler - INFO - Recording 2768709872030 already processed, skipping
2025-05-20 11:20:45,838 - call_analyzer_scheduler - INFO - Recording 2768709384030 already processed, skipping
2025-05-20 11:20:45,839 - call_analyzer_scheduler - INFO - Recording 2768709319030 already processed, skipping
2025-05-20 11:20:45,840 - call_analyzer_scheduler - INFO - Recording 2768708614030 already processed, skipping
2025-05-20 11:20:45,841 - call_analyzer_scheduler - INFO - Recording 2768708359030 already processed, skipping
2025-05-20 11:20:45,842 - call_analyzer_scheduler - INFO - Recording 2768707937030 already processed, skipping
2025-05-20 11:20:45,843 - call_analyzer_scheduler - INFO - Recording 2768706629030 already processed, skipping
2025-05-20 11:20:45,843 - call_analyzer_scheduler - INFO - Recording 2768705957030 already processed, skipping
2025-05-20 11:20:45,844 - call_analyzer_scheduler - INFO - Recording 2768705611030 already processed, skipping
2025-05-20 11:20:45,845 - call_analyzer_scheduler - INFO - Recording 2768705183030 already processed, skipping
2025-05-20 11:20:45,846 - call_analyzer_scheduler - INFO - Recording 2768705608030 already processed, skipping
2025-05-20 11:20:45,847 - call_analyzer_scheduler - INFO - Recording 2768704593030 already processed, skipping
2025-05-20 11:20:45,848 - call_analyzer_scheduler - INFO - Recording 2768705008030 already processed, skipping
2025-05-20 11:20:45,849 - call_analyzer_scheduler - INFO - Recording 2768703991030 already processed, skipping
2025-05-20 11:20:45,850 - call_analyzer_scheduler - INFO - Recording 2768703232030 already processed, skipping
2025-05-20 11:20:45,851 - call_analyzer_scheduler - INFO - Recording 2768702700030 already processed, skipping
2025-05-20 11:20:45,852 - call_analyzer_scheduler - INFO - Recording 2768703426030 already processed, skipping
2025-05-20 11:20:45,853 - call_analyzer_scheduler - INFO - Recording 2768702323030 already processed, skipping
2025-05-20 11:20:45,854 - call_analyzer_scheduler - INFO - Recording 2768701163030 already processed, skipping
2025-05-20 11:20:45,856 - call_analyzer_scheduler - INFO - Recording 2768700881030 already processed, skipping
2025-05-20 11:20:45,858 - call_analyzer_scheduler - INFO - Recording 2768700680030 already processed, skipping
2025-05-20 11:20:45,859 - call_analyzer_scheduler - INFO - Recording 2768700163030 already processed, skipping
2025-05-20 11:20:45,861 - call_analyzer_scheduler - INFO - Recording 2768699456030 already processed, skipping
2025-05-20 11:20:45,862 - call_analyzer_scheduler - INFO - Recording 2768699330030 already processed, skipping
2025-05-20 11:20:45,864 - call_analyzer_scheduler - INFO - Recording 2768698493030 already processed, skipping
2025-05-20 11:20:45,865 - call_analyzer_scheduler - INFO - Recording 2768697762030 already processed, skipping
2025-05-20 11:20:45,866 - call_analyzer_scheduler - INFO - Recording 2768698278030 already processed, skipping
2025-05-20 11:20:45,867 - call_analyzer_scheduler - INFO - Recording 2768696573030 already processed, skipping
2025-05-20 11:20:45,869 - call_analyzer_scheduler - INFO - Recording 2768694964030 already processed, skipping
2025-05-20 11:20:45,869 - call_analyzer_scheduler - INFO - Recording 2768693730030 already processed, skipping
2025-05-20 11:20:45,871 - call_analyzer_scheduler - INFO - Recording 2768692334030 already processed, skipping
2025-05-20 11:20:45,872 - call_analyzer_scheduler - INFO - Recording 2768690055030 already processed, skipping
2025-05-20 11:33:51,003 - call_analyzer_scheduler - ERROR - Error processing recording: ('Connection aborted.', ConnectionResetError(10054, 'An existing connection was forcibly closed by the remote host', None, 10054, None))
2025-05-20 11:34:05,706 - call_analyzer_scheduler - ERROR - Error processing recording: ('Connection aborted.', ConnectionResetError(10054, 'An existing connection was forcibly closed by the remote host', None, 10054, None))
2025-05-20 11:58:42,236 - call_analyzer_scheduler - INFO - Token expired, refreshing...
2025-05-20 11:58:43,282 - call_analyzer_scheduler - INFO - Token refreshed successfully
2025-05-20 11:58:43,287 - apscheduler.scheduler - INFO - Adding job tentatively -- it will be properly scheduled when the scheduler starts
2025-05-20 11:58:43,288 - apscheduler.scheduler - INFO - Added job "CallAnalysisScheduler.run_daily_analysis" to job store "default"
2025-05-20 11:58:43,288 - apscheduler.scheduler - INFO - Scheduler started
2025-05-20 11:58:43,290 - call_analyzer_scheduler - INFO - APScheduler started. Daily analysis job scheduled.
2025-05-20 12:01:43,305 - apscheduler.executors.default - INFO - Running job "CallAnalysisScheduler.run_daily_analysis (trigger: date[2025-05-20 12:01:43 IST], next run at: 2025-05-20 12:01:43 IST)" (scheduled at 2025-05-20 12:01:43.287639+05:30)
2025-05-20 12:01:43,305 - apscheduler.scheduler - INFO - Removed job 3b05fb72b03b428ba5b849f01a2e4c77
2025-05-20 12:01:43,305 - call_analyzer_scheduler - INFO - Starting daily call analysis
2025-05-20 12:01:44,586 - call_analyzer_scheduler - INFO - Found 100 recordings in the last 24 hours
2025-05-20 12:01:44,599 - call_analyzer_scheduler - INFO - Recording 2768750696030 already processed, skipping
2025-05-20 12:01:44,601 - call_analyzer_scheduler - INFO - Recording 2768749935030 already processed, skipping
2025-05-20 12:01:44,602 - call_analyzer_scheduler - INFO - Recording 2768747968030 already processed, skipping
2025-05-20 12:01:44,604 - call_analyzer_scheduler - INFO - Recording 2768747213030 already processed, skipping
2025-05-20 12:01:44,607 - call_analyzer_scheduler - INFO - Recording 2768746115030 already processed, skipping
2025-05-20 12:01:44,610 - call_analyzer_scheduler - INFO - Recording 2768746205030 already processed, skipping
2025-05-20 12:01:44,611 - call_analyzer_scheduler - INFO - Recording 2768745489030 already processed, skipping
2025-05-20 12:01:44,612 - call_analyzer_scheduler - INFO - Recording 2768744648030 already processed, skipping
2025-05-20 12:01:44,613 - call_analyzer_scheduler - INFO - Recording 2768745324030 already processed, skipping
2025-05-20 12:01:44,615 - call_analyzer_scheduler - INFO - Recording 2768744017030 already processed, skipping
2025-05-20 12:01:44,617 - call_analyzer_scheduler - INFO - Recording 2768743668030 already processed, skipping
2025-05-20 12:01:44,618 - call_analyzer_scheduler - INFO - Recording 2768742720030 already processed, skipping
2025-05-20 12:01:44,619 - call_analyzer_scheduler - INFO - Recording 2768742060030 already processed, skipping
2025-05-20 12:01:44,621 - call_analyzer_scheduler - INFO - Recording 2768742047030 already processed, skipping
2025-05-20 12:01:44,621 - call_analyzer_scheduler - INFO - Recording 2768740806030 already processed, skipping
2025-05-20 12:01:44,622 - call_analyzer_scheduler - INFO - Recording 2768739821030 already processed, skipping
2025-05-20 12:01:44,624 - call_analyzer_scheduler - INFO - Recording 2768740582030 already processed, skipping
2025-05-20 12:01:44,625 - call_analyzer_scheduler - INFO - Recording 2768738590030 already processed, skipping
2025-05-20 12:01:44,626 - call_analyzer_scheduler - INFO - Recording 2768738239030 already processed, skipping
2025-05-20 12:01:44,627 - call_analyzer_scheduler - INFO - Recording 2768737736030 already processed, skipping
2025-05-20 12:01:44,628 - call_analyzer_scheduler - INFO - Recording 2768736795030 already processed, skipping
2025-05-20 12:01:44,629 - call_analyzer_scheduler - INFO - Recording 2768735881030 already processed, skipping
2025-05-20 12:01:44,630 - call_analyzer_scheduler - INFO - Recording 2768735229030 already processed, skipping
2025-05-20 12:01:44,631 - call_analyzer_scheduler - INFO - Recording 2768734299030 already processed, skipping
2025-05-20 12:01:44,632 - call_analyzer_scheduler - INFO - Recording 2768734167030 already processed, skipping
2025-05-20 12:01:44,633 - call_analyzer_scheduler - INFO - Recording 2768732788030 already processed, skipping
2025-05-20 12:01:44,634 - call_analyzer_scheduler - INFO - Recording 2768731439030 already processed, skipping
2025-05-20 12:01:44,635 - call_analyzer_scheduler - INFO - Recording 2768728684030 already processed, skipping
2025-05-20 12:01:44,636 - call_analyzer_scheduler - INFO - Recording 2768727343030 already processed, skipping
2025-05-20 12:01:44,637 - call_analyzer_scheduler - INFO - Recording 2768726523030 already processed, skipping
2025-05-20 12:01:44,638 - call_analyzer_scheduler - INFO - Recording 2768723269030 already processed, skipping
2025-05-20 12:01:44,639 - call_analyzer_scheduler - INFO - Recording 2768723443030 already processed, skipping
2025-05-20 12:01:44,640 - call_analyzer_scheduler - INFO - Recording 2768722303030 already processed, skipping
2025-05-20 12:01:44,641 - call_analyzer_scheduler - INFO - Recording 2768721968030 already processed, skipping
2025-05-20 12:01:44,643 - call_analyzer_scheduler - INFO - Recording 2768720306030 already processed, skipping
2025-05-20 12:01:44,644 - call_analyzer_scheduler - INFO - Recording 2768718878030 already processed, skipping
2025-05-20 12:01:44,645 - call_analyzer_scheduler - INFO - Recording 2768717656030 already processed, skipping
2025-05-20 12:01:44,646 - call_analyzer_scheduler - INFO - Recording 2768716265030 already processed, skipping
2025-05-20 12:01:44,648 - call_analyzer_scheduler - INFO - Recording 2768714954030 already processed, skipping
2025-05-20 12:01:44,648 - call_analyzer_scheduler - INFO - Recording 2768713878030 already processed, skipping
2025-05-20 12:01:44,649 - call_analyzer_scheduler - INFO - Recording 2768711275030 already processed, skipping
2025-05-20 12:01:44,650 - call_analyzer_scheduler - INFO - Recording 2768710474030 already processed, skipping
2025-05-20 12:01:44,651 - call_analyzer_scheduler - INFO - Recording 2768710348030 already processed, skipping
2025-05-20 12:01:44,652 - call_analyzer_scheduler - INFO - Recording 2768709872030 already processed, skipping
2025-05-20 12:01:44,652 - call_analyzer_scheduler - INFO - Recording 2768709384030 already processed, skipping
2025-05-20 12:01:44,653 - call_analyzer_scheduler - INFO - Recording 2768709319030 already processed, skipping
2025-05-20 12:01:44,654 - call_analyzer_scheduler - INFO - Recording 2768708614030 already processed, skipping
2025-05-20 12:01:44,655 - call_analyzer_scheduler - INFO - Recording 2768708359030 already processed, skipping
2025-05-20 12:01:44,655 - call_analyzer_scheduler - INFO - Recording 2768707937030 already processed, skipping
2025-05-20 12:01:44,656 - call_analyzer_scheduler - INFO - Recording 2768706629030 already processed, skipping
2025-05-20 12:01:44,657 - call_analyzer_scheduler - INFO - Recording 2768705957030 already processed, skipping
2025-05-20 12:01:44,657 - call_analyzer_scheduler - INFO - Recording 2768705611030 already processed, skipping
2025-05-20 12:01:44,658 - call_analyzer_scheduler - INFO - Recording 2768705183030 already processed, skipping
2025-05-20 12:01:44,659 - call_analyzer_scheduler - INFO - Recording 2768705608030 already processed, skipping
2025-05-20 12:01:44,660 - call_analyzer_scheduler - INFO - Recording 2768704593030 already processed, skipping
2025-05-20 12:01:44,661 - call_analyzer_scheduler - INFO - Recording 2768705008030 already processed, skipping
2025-05-20 12:01:44,661 - call_analyzer_scheduler - INFO - Recording 2768703991030 already processed, skipping
2025-05-20 12:01:44,662 - call_analyzer_scheduler - INFO - Recording 2768703232030 already processed, skipping
2025-05-20 12:01:44,663 - call_analyzer_scheduler - INFO - Recording 2768702700030 already processed, skipping
2025-05-20 12:01:44,663 - call_analyzer_scheduler - INFO - Recording 2768703426030 already processed, skipping
2025-05-20 12:01:44,664 - call_analyzer_scheduler - INFO - Recording 2768702323030 already processed, skipping
2025-05-20 12:01:44,665 - call_analyzer_scheduler - INFO - Recording 2768701163030 already processed, skipping
2025-05-20 12:01:44,665 - call_analyzer_scheduler - INFO - Recording 2768700881030 already processed, skipping
2025-05-20 12:01:44,666 - call_analyzer_scheduler - INFO - Recording 2768700680030 already processed, skipping
2025-05-20 12:01:44,667 - call_analyzer_scheduler - INFO - Recording 2768700163030 already processed, skipping
2025-05-20 12:01:44,668 - call_analyzer_scheduler - INFO - Recording 2768699456030 already processed, skipping
2025-05-20 12:01:44,669 - call_analyzer_scheduler - INFO - Recording 2768699330030 already processed, skipping
2025-05-20 12:01:44,669 - call_analyzer_scheduler - INFO - Recording 2768698493030 already processed, skipping
2025-05-20 12:01:44,670 - call_analyzer_scheduler - INFO - Recording 2768697762030 already processed, skipping
2025-05-20 12:01:44,671 - call_analyzer_scheduler - INFO - Recording 2768698278030 already processed, skipping
2025-05-20 12:01:44,672 - call_analyzer_scheduler - INFO - Recording 2768696573030 already processed, skipping
2025-05-20 12:01:44,673 - call_analyzer_scheduler - INFO - Recording 2768694964030 already processed, skipping
2025-05-20 12:01:44,674 - call_analyzer_scheduler - INFO - Recording 2768693730030 already processed, skipping
2025-05-20 12:01:44,675 - call_analyzer_scheduler - INFO - Recording 2768692334030 already processed, skipping
2025-05-20 12:01:44,676 - call_analyzer_scheduler - INFO - Recording 2768690055030 already processed, skipping
2025-05-20 12:01:44,751 - call_analyzer_scheduler - ERROR - Error processing recording: (psycopg2.errors.UniqueViolation) duplicate key value violates unique constraint "recording_details_recording_id_key"
DETAIL:  Key (recording_id)=(2768688948030) already exists.

[SQL: INSERT INTO recording_details (recording_id, username, phone_number, start_time) VALUES (%(recording_id)s, %(username)s, %(phone_number)s, %(start_time)s) RETURNING recording_details.id]
[parameters: {'recording_id': '2768688948030', 'username': 'Akash Singh', 'phone_number': '+15702749413', 'start_time': '2025-05-19T21:18:06.249Z'}]
(Background on this error at: https://sqlalche.me/e/20/gkpj)
2025-05-20 12:01:44,751 - call_analyzer_scheduler - ERROR - Error processing recording: This Session's transaction has been rolled back due to a previous exception during flush. To begin a new transaction with this Session, first issue Session.rollback(). Original exception was: (psycopg2.errors.UniqueViolation) duplicate key value violates unique constraint "recording_details_recording_id_key"
DETAIL:  Key (recording_id)=(2768688948030) already exists.

[SQL: INSERT INTO recording_details (recording_id, username, phone_number, start_time) VALUES (%(recording_id)s, %(username)s, %(phone_number)s, %(start_time)s) RETURNING recording_details.id]
[parameters: {'recording_id': '2768688948030', 'username': 'Akash Singh', 'phone_number': '+15702749413', 'start_time': '2025-05-19T21:18:06.249Z'}]
(Background on this error at: https://sqlalche.me/e/20/gkpj) (Background on this error at: https://sqlalche.me/e/20/7s2a)
2025-05-20 12:01:44,753 - call_analyzer_scheduler - ERROR - Error processing recording: This Session's transaction has been rolled back due to a previous exception during flush. To begin a new transaction with this Session, first issue Session.rollback(). Original exception was: (psycopg2.errors.UniqueViolation) duplicate key value violates unique constraint "recording_details_recording_id_key"
DETAIL:  Key (recording_id)=(2768688948030) already exists.

[SQL: INSERT INTO recording_details (recording_id, username, phone_number, start_time) VALUES (%(recording_id)s, %(username)s, %(phone_number)s, %(start_time)s) RETURNING recording_details.id]
[parameters: {'recording_id': '2768688948030', 'username': 'Akash Singh', 'phone_number': '+15702749413', 'start_time': '2025-05-19T21:18:06.249Z'}]
(Background on this error at: https://sqlalche.me/e/20/gkpj) (Background on this error at: https://sqlalche.me/e/20/7s2a)
2025-05-20 12:01:44,754 - call_analyzer_scheduler - ERROR - Error processing recording: This Session's transaction has been rolled back due to a previous exception during flush. To begin a new transaction with this Session, first issue Session.rollback(). Original exception was: (psycopg2.errors.UniqueViolation) duplicate key value violates unique constraint "recording_details_recording_id_key"
DETAIL:  Key (recording_id)=(2768688948030) already exists.

[SQL: INSERT INTO recording_details (recording_id, username, phone_number, start_time) VALUES (%(recording_id)s, %(username)s, %(phone_number)s, %(start_time)s) RETURNING recording_details.id]
[parameters: {'recording_id': '2768688948030', 'username': 'Akash Singh', 'phone_number': '+15702749413', 'start_time': '2025-05-19T21:18:06.249Z'}]
(Background on this error at: https://sqlalche.me/e/20/gkpj) (Background on this error at: https://sqlalche.me/e/20/7s2a)
2025-05-20 12:01:44,755 - call_analyzer_scheduler - ERROR - Error processing recording: This Session's transaction has been rolled back due to a previous exception during flush. To begin a new transaction with this Session, first issue Session.rollback(). Original exception was: (psycopg2.errors.UniqueViolation) duplicate key value violates unique constraint "recording_details_recording_id_key"
DETAIL:  Key (recording_id)=(2768688948030) already exists.

[SQL: INSERT INTO recording_details (recording_id, username, phone_number, start_time) VALUES (%(recording_id)s, %(username)s, %(phone_number)s, %(start_time)s) RETURNING recording_details.id]
[parameters: {'recording_id': '2768688948030', 'username': 'Akash Singh', 'phone_number': '+15702749413', 'start_time': '2025-05-19T21:18:06.249Z'}]
(Background on this error at: https://sqlalche.me/e/20/gkpj) (Background on this error at: https://sqlalche.me/e/20/7s2a)
2025-05-20 12:01:44,756 - call_analyzer_scheduler - ERROR - Error processing recording: This Session's transaction has been rolled back due to a previous exception during flush. To begin a new transaction with this Session, first issue Session.rollback(). Original exception was: (psycopg2.errors.UniqueViolation) duplicate key value violates unique constraint "recording_details_recording_id_key"
DETAIL:  Key (recording_id)=(2768688948030) already exists.

[SQL: INSERT INTO recording_details (recording_id, username, phone_number, start_time) VALUES (%(recording_id)s, %(username)s, %(phone_number)s, %(start_time)s) RETURNING recording_details.id]
[parameters: {'recording_id': '2768688948030', 'username': 'Akash Singh', 'phone_number': '+15702749413', 'start_time': '2025-05-19T21:18:06.249Z'}]
(Background on this error at: https://sqlalche.me/e/20/gkpj) (Background on this error at: https://sqlalche.me/e/20/7s2a)
2025-05-20 12:01:44,757 - call_analyzer_scheduler - ERROR - Error processing recording: This Session's transaction has been rolled back due to a previous exception during flush. To begin a new transaction with this Session, first issue Session.rollback(). Original exception was: (psycopg2.errors.UniqueViolation) duplicate key value violates unique constraint "recording_details_recording_id_key"
DETAIL:  Key (recording_id)=(2768688948030) already exists.

[SQL: INSERT INTO recording_details (recording_id, username, phone_number, start_time) VALUES (%(recording_id)s, %(username)s, %(phone_number)s, %(start_time)s) RETURNING recording_details.id]
[parameters: {'recording_id': '2768688948030', 'username': 'Akash Singh', 'phone_number': '+15702749413', 'start_time': '2025-05-19T21:18:06.249Z'}]
(Background on this error at: https://sqlalche.me/e/20/gkpj) (Background on this error at: https://sqlalche.me/e/20/7s2a)
2025-05-20 12:01:44,758 - call_analyzer_scheduler - ERROR - Error processing recording: This Session's transaction has been rolled back due to a previous exception during flush. To begin a new transaction with this Session, first issue Session.rollback(). Original exception was: (psycopg2.errors.UniqueViolation) duplicate key value violates unique constraint "recording_details_recording_id_key"
DETAIL:  Key (recording_id)=(2768688948030) already exists.

[SQL: INSERT INTO recording_details (recording_id, username, phone_number, start_time) VALUES (%(recording_id)s, %(username)s, %(phone_number)s, %(start_time)s) RETURNING recording_details.id]
[parameters: {'recording_id': '2768688948030', 'username': 'Akash Singh', 'phone_number': '+15702749413', 'start_time': '2025-05-19T21:18:06.249Z'}]
(Background on this error at: https://sqlalche.me/e/20/gkpj) (Background on this error at: https://sqlalche.me/e/20/7s2a)
2025-05-20 12:01:44,759 - call_analyzer_scheduler - ERROR - Error processing recording: This Session's transaction has been rolled back due to a previous exception during flush. To begin a new transaction with this Session, first issue Session.rollback(). Original exception was: (psycopg2.errors.UniqueViolation) duplicate key value violates unique constraint "recording_details_recording_id_key"
DETAIL:  Key (recording_id)=(2768688948030) already exists.

[SQL: INSERT INTO recording_details (recording_id, username, phone_number, start_time) VALUES (%(recording_id)s, %(username)s, %(phone_number)s, %(start_time)s) RETURNING recording_details.id]
[parameters: {'recording_id': '2768688948030', 'username': 'Akash Singh', 'phone_number': '+15702749413', 'start_time': '2025-05-19T21:18:06.249Z'}]
(Background on this error at: https://sqlalche.me/e/20/gkpj) (Background on this error at: https://sqlalche.me/e/20/7s2a)
2025-05-20 12:01:44,760 - call_analyzer_scheduler - ERROR - Error processing recording: This Session's transaction has been rolled back due to a previous exception during flush. To begin a new transaction with this Session, first issue Session.rollback(). Original exception was: (psycopg2.errors.UniqueViolation) duplicate key value violates unique constraint "recording_details_recording_id_key"
DETAIL:  Key (recording_id)=(2768688948030) already exists.

[SQL: INSERT INTO recording_details (recording_id, username, phone_number, start_time) VALUES (%(recording_id)s, %(username)s, %(phone_number)s, %(start_time)s) RETURNING recording_details.id]
[parameters: {'recording_id': '2768688948030', 'username': 'Akash Singh', 'phone_number': '+15702749413', 'start_time': '2025-05-19T21:18:06.249Z'}]
(Background on this error at: https://sqlalche.me/e/20/gkpj) (Background on this error at: https://sqlalche.me/e/20/7s2a)
2025-05-20 12:01:44,761 - call_analyzer_scheduler - ERROR - Error processing recording: This Session's transaction has been rolled back due to a previous exception during flush. To begin a new transaction with this Session, first issue Session.rollback(). Original exception was: (psycopg2.errors.UniqueViolation) duplicate key value violates unique constraint "recording_details_recording_id_key"
DETAIL:  Key (recording_id)=(2768688948030) already exists.

[SQL: INSERT INTO recording_details (recording_id, username, phone_number, start_time) VALUES (%(recording_id)s, %(username)s, %(phone_number)s, %(start_time)s) RETURNING recording_details.id]
[parameters: {'recording_id': '2768688948030', 'username': 'Akash Singh', 'phone_number': '+15702749413', 'start_time': '2025-05-19T21:18:06.249Z'}]
(Background on this error at: https://sqlalche.me/e/20/gkpj) (Background on this error at: https://sqlalche.me/e/20/7s2a)
2025-05-20 12:01:44,763 - call_analyzer_scheduler - ERROR - Error processing recording: This Session's transaction has been rolled back due to a previous exception during flush. To begin a new transaction with this Session, first issue Session.rollback(). Original exception was: (psycopg2.errors.UniqueViolation) duplicate key value violates unique constraint "recording_details_recording_id_key"
DETAIL:  Key (recording_id)=(2768688948030) already exists.

[SQL: INSERT INTO recording_details (recording_id, username, phone_number, start_time) VALUES (%(recording_id)s, %(username)s, %(phone_number)s, %(start_time)s) RETURNING recording_details.id]
[parameters: {'recording_id': '2768688948030', 'username': 'Akash Singh', 'phone_number': '+15702749413', 'start_time': '2025-05-19T21:18:06.249Z'}]
(Background on this error at: https://sqlalche.me/e/20/gkpj) (Background on this error at: https://sqlalche.me/e/20/7s2a)
2025-05-20 12:01:44,764 - call_analyzer_scheduler - ERROR - Error processing recording: This Session's transaction has been rolled back due to a previous exception during flush. To begin a new transaction with this Session, first issue Session.rollback(). Original exception was: (psycopg2.errors.UniqueViolation) duplicate key value violates unique constraint "recording_details_recording_id_key"
DETAIL:  Key (recording_id)=(2768688948030) already exists.

[SQL: INSERT INTO recording_details (recording_id, username, phone_number, start_time) VALUES (%(recording_id)s, %(username)s, %(phone_number)s, %(start_time)s) RETURNING recording_details.id]
[parameters: {'recording_id': '2768688948030', 'username': 'Akash Singh', 'phone_number': '+15702749413', 'start_time': '2025-05-19T21:18:06.249Z'}]
(Background on this error at: https://sqlalche.me/e/20/gkpj) (Background on this error at: https://sqlalche.me/e/20/7s2a)
2025-05-20 12:01:44,765 - call_analyzer_scheduler - ERROR - Error processing recording: This Session's transaction has been rolled back due to a previous exception during flush. To begin a new transaction with this Session, first issue Session.rollback(). Original exception was: (psycopg2.errors.UniqueViolation) duplicate key value violates unique constraint "recording_details_recording_id_key"
DETAIL:  Key (recording_id)=(2768688948030) already exists.

[SQL: INSERT INTO recording_details (recording_id, username, phone_number, start_time) VALUES (%(recording_id)s, %(username)s, %(phone_number)s, %(start_time)s) RETURNING recording_details.id]
[parameters: {'recording_id': '2768688948030', 'username': 'Akash Singh', 'phone_number': '+15702749413', 'start_time': '2025-05-19T21:18:06.249Z'}]
(Background on this error at: https://sqlalche.me/e/20/gkpj) (Background on this error at: https://sqlalche.me/e/20/7s2a)
2025-05-20 12:01:44,766 - call_analyzer_scheduler - ERROR - Error processing recording: This Session's transaction has been rolled back due to a previous exception during flush. To begin a new transaction with this Session, first issue Session.rollback(). Original exception was: (psycopg2.errors.UniqueViolation) duplicate key value violates unique constraint "recording_details_recording_id_key"
DETAIL:  Key (recording_id)=(2768688948030) already exists.

[SQL: INSERT INTO recording_details (recording_id, username, phone_number, start_time) VALUES (%(recording_id)s, %(username)s, %(phone_number)s, %(start_time)s) RETURNING recording_details.id]
[parameters: {'recording_id': '2768688948030', 'username': 'Akash Singh', 'phone_number': '+15702749413', 'start_time': '2025-05-19T21:18:06.249Z'}]
(Background on this error at: https://sqlalche.me/e/20/gkpj) (Background on this error at: https://sqlalche.me/e/20/7s2a)
2025-05-20 12:01:44,768 - call_analyzer_scheduler - ERROR - Error processing recording: This Session's transaction has been rolled back due to a previous exception during flush. To begin a new transaction with this Session, first issue Session.rollback(). Original exception was: (psycopg2.errors.UniqueViolation) duplicate key value violates unique constraint "recording_details_recording_id_key"
DETAIL:  Key (recording_id)=(2768688948030) already exists.

[SQL: INSERT INTO recording_details (recording_id, username, phone_number, start_time) VALUES (%(recording_id)s, %(username)s, %(phone_number)s, %(start_time)s) RETURNING recording_details.id]
[parameters: {'recording_id': '2768688948030', 'username': 'Akash Singh', 'phone_number': '+15702749413', 'start_time': '2025-05-19T21:18:06.249Z'}]
(Background on this error at: https://sqlalche.me/e/20/gkpj) (Background on this error at: https://sqlalche.me/e/20/7s2a)
2025-05-20 12:01:44,769 - call_analyzer_scheduler - ERROR - Error processing recording: This Session's transaction has been rolled back due to a previous exception during flush. To begin a new transaction with this Session, first issue Session.rollback(). Original exception was: (psycopg2.errors.UniqueViolation) duplicate key value violates unique constraint "recording_details_recording_id_key"
DETAIL:  Key (recording_id)=(2768688948030) already exists.

[SQL: INSERT INTO recording_details (recording_id, username, phone_number, start_time) VALUES (%(recording_id)s, %(username)s, %(phone_number)s, %(start_time)s) RETURNING recording_details.id]
[parameters: {'recording_id': '2768688948030', 'username': 'Akash Singh', 'phone_number': '+15702749413', 'start_time': '2025-05-19T21:18:06.249Z'}]
(Background on this error at: https://sqlalche.me/e/20/gkpj) (Background on this error at: https://sqlalche.me/e/20/7s2a)
2025-05-20 12:01:44,770 - call_analyzer_scheduler - ERROR - Error processing recording: This Session's transaction has been rolled back due to a previous exception during flush. To begin a new transaction with this Session, first issue Session.rollback(). Original exception was: (psycopg2.errors.UniqueViolation) duplicate key value violates unique constraint "recording_details_recording_id_key"
DETAIL:  Key (recording_id)=(2768688948030) already exists.

[SQL: INSERT INTO recording_details (recording_id, username, phone_number, start_time) VALUES (%(recording_id)s, %(username)s, %(phone_number)s, %(start_time)s) RETURNING recording_details.id]
[parameters: {'recording_id': '2768688948030', 'username': 'Akash Singh', 'phone_number': '+15702749413', 'start_time': '2025-05-19T21:18:06.249Z'}]
(Background on this error at: https://sqlalche.me/e/20/gkpj) (Background on this error at: https://sqlalche.me/e/20/7s2a)
2025-05-20 12:01:44,770 - call_analyzer_scheduler - ERROR - Error processing recording: This Session's transaction has been rolled back due to a previous exception during flush. To begin a new transaction with this Session, first issue Session.rollback(). Original exception was: (psycopg2.errors.UniqueViolation) duplicate key value violates unique constraint "recording_details_recording_id_key"
DETAIL:  Key (recording_id)=(2768688948030) already exists.

[SQL: INSERT INTO recording_details (recording_id, username, phone_number, start_time) VALUES (%(recording_id)s, %(username)s, %(phone_number)s, %(start_time)s) RETURNING recording_details.id]
[parameters: {'recording_id': '2768688948030', 'username': 'Akash Singh', 'phone_number': '+15702749413', 'start_time': '2025-05-19T21:18:06.249Z'}]
(Background on this error at: https://sqlalche.me/e/20/gkpj) (Background on this error at: https://sqlalche.me/e/20/7s2a)
2025-05-20 12:01:44,771 - call_analyzer_scheduler - ERROR - Error processing recording: This Session's transaction has been rolled back due to a previous exception during flush. To begin a new transaction with this Session, first issue Session.rollback(). Original exception was: (psycopg2.errors.UniqueViolation) duplicate key value violates unique constraint "recording_details_recording_id_key"
DETAIL:  Key (recording_id)=(2768688948030) already exists.

[SQL: INSERT INTO recording_details (recording_id, username, phone_number, start_time) VALUES (%(recording_id)s, %(username)s, %(phone_number)s, %(start_time)s) RETURNING recording_details.id]
[parameters: {'recording_id': '2768688948030', 'username': 'Akash Singh', 'phone_number': '+15702749413', 'start_time': '2025-05-19T21:18:06.249Z'}]
(Background on this error at: https://sqlalche.me/e/20/gkpj) (Background on this error at: https://sqlalche.me/e/20/7s2a)
2025-05-20 12:01:44,771 - call_analyzer_scheduler - ERROR - Error processing recording: This Session's transaction has been rolled back due to a previous exception during flush. To begin a new transaction with this Session, first issue Session.rollback(). Original exception was: (psycopg2.errors.UniqueViolation) duplicate key value violates unique constraint "recording_details_recording_id_key"
DETAIL:  Key (recording_id)=(2768688948030) already exists.

[SQL: INSERT INTO recording_details (recording_id, username, phone_number, start_time) VALUES (%(recording_id)s, %(username)s, %(phone_number)s, %(start_time)s) RETURNING recording_details.id]
[parameters: {'recording_id': '2768688948030', 'username': 'Akash Singh', 'phone_number': '+15702749413', 'start_time': '2025-05-19T21:18:06.249Z'}]
(Background on this error at: https://sqlalche.me/e/20/gkpj) (Background on this error at: https://sqlalche.me/e/20/7s2a)
2025-05-20 12:01:44,772 - call_analyzer_scheduler - ERROR - Error processing recording: This Session's transaction has been rolled back due to a previous exception during flush. To begin a new transaction with this Session, first issue Session.rollback(). Original exception was: (psycopg2.errors.UniqueViolation) duplicate key value violates unique constraint "recording_details_recording_id_key"
DETAIL:  Key (recording_id)=(2768688948030) already exists.

[SQL: INSERT INTO recording_details (recording_id, username, phone_number, start_time) VALUES (%(recording_id)s, %(username)s, %(phone_number)s, %(start_time)s) RETURNING recording_details.id]
[parameters: {'recording_id': '2768688948030', 'username': 'Akash Singh', 'phone_number': '+15702749413', 'start_time': '2025-05-19T21:18:06.249Z'}]
(Background on this error at: https://sqlalche.me/e/20/gkpj) (Background on this error at: https://sqlalche.me/e/20/7s2a)
2025-05-20 12:01:44,773 - call_analyzer_scheduler - ERROR - Error processing recording: This Session's transaction has been rolled back due to a previous exception during flush. To begin a new transaction with this Session, first issue Session.rollback(). Original exception was: (psycopg2.errors.UniqueViolation) duplicate key value violates unique constraint "recording_details_recording_id_key"
DETAIL:  Key (recording_id)=(2768688948030) already exists.

[SQL: INSERT INTO recording_details (recording_id, username, phone_number, start_time) VALUES (%(recording_id)s, %(username)s, %(phone_number)s, %(start_time)s) RETURNING recording_details.id]
[parameters: {'recording_id': '2768688948030', 'username': 'Akash Singh', 'phone_number': '+15702749413', 'start_time': '2025-05-19T21:18:06.249Z'}]
(Background on this error at: https://sqlalche.me/e/20/gkpj) (Background on this error at: https://sqlalche.me/e/20/7s2a)
2025-05-20 12:01:44,773 - call_analyzer_scheduler - INFO - Daily analysis complete. Processed 0 recordings.
2025-05-20 12:01:44,773 - apscheduler.executors.default - INFO - Job "CallAnalysisScheduler.run_daily_analysis (trigger: date[2025-05-20 12:01:43 IST], next run at: 2025-05-20 12:01:43 IST)" executed successfully
2025-05-20 12:08:36,520 - apscheduler.scheduler - INFO - Scheduler has been shut down
2025-05-20 12:08:36,520 - call_analyzer_scheduler - INFO - Scheduler shut down successfully.
2025-05-20 12:08:57,304 - apscheduler.scheduler - INFO - Adding job tentatively -- it will be properly scheduled when the scheduler starts
2025-05-20 12:08:57,304 - apscheduler.scheduler - INFO - Added job "CallAnalysisScheduler.run_daily_analysis" to job store "default"
2025-05-20 12:08:57,304 - apscheduler.scheduler - INFO - Scheduler started
2025-05-20 12:08:57,306 - call_analyzer_scheduler - INFO - APScheduler started. Daily analysis job scheduled.
2025-05-20 12:11:57,321 - apscheduler.executors.default - INFO - Running job "CallAnalysisScheduler.run_daily_analysis (trigger: date[2025-05-20 12:11:57 IST], next run at: 2025-05-20 12:11:57 IST)" (scheduled at 2025-05-20 12:11:57.304607+05:30)
2025-05-20 12:11:57,322 - apscheduler.scheduler - INFO - Removed job 0db1b2d0ee7a4010a75f8cdfed16d2a9
2025-05-20 12:11:57,322 - call_analyzer_scheduler - INFO - Starting daily call analysis
2025-05-20 12:11:58,538 - call_analyzer_scheduler - INFO - Found 100 recordings in the last 24 hours
2025-05-20 12:14:14,547 - call_analyzer_scheduler - ERROR - Failed to analyze recording 2768750696030: {"detail":[{"type":"missing","loc":["header","audio-id"],"msg":"Field required","input":null}]}
2025-05-20 12:14:28,171 - call_analyzer_scheduler - ERROR - Failed to analyze recording 2768749935030: {"detail":[{"type":"missing","loc":["header","audio-id"],"msg":"Field required","input":null}]}
2025-05-20 12:14:50,464 - call_analyzer_scheduler - ERROR - Failed to analyze recording 2768747968030: {"detail":[{"type":"missing","loc":["header","audio-id"],"msg":"Field required","input":null}]}
2025-05-20 12:15:04,957 - call_analyzer_scheduler - ERROR - Failed to analyze recording 2768747213030: {"detail":[{"type":"missing","loc":["header","audio-id"],"msg":"Field required","input":null}]}
2025-05-20 12:15:25,224 - call_analyzer_scheduler - ERROR - Failed to analyze recording 2768746115030: {"detail":[{"type":"missing","loc":["header","audio-id"],"msg":"Field required","input":null}]}
2025-05-20 12:15:47,771 - call_analyzer_scheduler - ERROR - Failed to analyze recording 2768746205030: {"detail":[{"type":"missing","loc":["header","audio-id"],"msg":"Field required","input":null}]}
2025-05-20 12:16:07,517 - call_analyzer_scheduler - ERROR - Failed to analyze recording 2768745489030: {"detail":[{"type":"missing","loc":["header","audio-id"],"msg":"Field required","input":null}]}
2025-05-20 12:16:21,066 - call_analyzer_scheduler - ERROR - Failed to analyze recording 2768744648030: {"detail":[{"type":"missing","loc":["header","audio-id"],"msg":"Field required","input":null}]}
2025-05-20 12:16:37,592 - call_analyzer_scheduler - ERROR - Failed to analyze recording 2768745324030: {"detail":[{"type":"missing","loc":["header","audio-id"],"msg":"Field required","input":null}]}
2025-05-20 12:16:56,890 - call_analyzer_scheduler - ERROR - Failed to analyze recording 2768744017030: {"detail":[{"type":"missing","loc":["header","audio-id"],"msg":"Field required","input":null}]}
2025-05-20 12:17:30,635 - call_analyzer_scheduler - ERROR - Failed to analyze recording 2768743668030: {"detail":[{"type":"missing","loc":["header","audio-id"],"msg":"Field required","input":null}]}
2025-05-20 12:17:39,454 - call_analyzer_scheduler - ERROR - Failed to analyze recording 2768742720030: {"detail":[{"type":"missing","loc":["header","audio-id"],"msg":"Field required","input":null}]}
2025-05-20 12:17:53,125 - call_analyzer_scheduler - ERROR - Failed to analyze recording 2768742060030: {"detail":[{"type":"missing","loc":["header","audio-id"],"msg":"Field required","input":null}]}
2025-05-20 12:18:09,921 - call_analyzer_scheduler - ERROR - Failed to analyze recording 2768742047030: {"detail":[{"type":"missing","loc":["header","audio-id"],"msg":"Field required","input":null}]}
2025-05-20 12:18:25,578 - call_analyzer_scheduler - ERROR - Failed to analyze recording 2768740806030: {"detail":[{"type":"missing","loc":["header","audio-id"],"msg":"Field required","input":null}]}
2025-05-20 12:34:53,676 - apscheduler.scheduler - INFO - Adding job tentatively -- it will be properly scheduled when the scheduler starts
2025-05-20 12:34:53,676 - apscheduler.scheduler - INFO - Added job "CallAnalysisScheduler.run_daily_analysis" to job store "default"
2025-05-20 12:34:53,677 - apscheduler.scheduler - INFO - Scheduler started
2025-05-20 12:34:53,678 - call_analyzer_scheduler - INFO - APScheduler started. Daily analysis job scheduled.
2025-05-20 12:37:53,689 - apscheduler.executors.default - INFO - Running job "CallAnalysisScheduler.run_daily_analysis (trigger: date[2025-05-20 12:37:53 IST], next run at: 2025-05-20 12:37:53 IST)" (scheduled at 2025-05-20 12:37:53.676783+05:30)
2025-05-20 12:37:53,689 - apscheduler.scheduler - INFO - Removed job a17ac6da04f547c4876a1f030790c72f
2025-05-20 12:37:53,689 - call_analyzer_scheduler - INFO - Starting daily call analysis
2025-05-20 12:37:54,586 - call_analyzer_scheduler - INFO - Found 100 recordings in the last 24 hours
2025-05-20 12:38:53,842 - call_analyzer_scheduler - ERROR - Failed to analyze recording 2768750696030: {"detail":"No transcribed segments found for this audio. Please diarize the audio first."}
2025-05-20 12:39:05,254 - call_analyzer_scheduler - ERROR - Failed to analyze recording 2768749935030: {"detail":"No transcribed segments found for this audio. Please diarize the audio first."}
